  Source.cpp
C:\Users\User\source\repos\Project14\Source.cpp(52,25): warning C4305: -=: усечение из "double" в "float"
C:\Users\User\source\repos\Project14\Source.cpp(58,25): warning C4305: +=: усечение из "double" в "float"
C:\Users\User\source\repos\Project14\Source.cpp(64,25): warning C4305: +=: усечение из "double" в "float"
C:\Users\User\source\repos\Project14\Source.cpp(70,25): warning C4305: -=: усечение из "double" в "float"
C:\Users\User\source\repos\Project14\Source.cpp(76,23): warning C4305: +=: усечение из "double" в "float"
C:\Users\User\source\repos\Project14\Source.cpp(82,23): warning C4305: -=: усечение из "double" в "float"
C:\Users\User\source\repos\Project14\Source.cpp(84,26): warning C4305: =: усечение из "double" в "float"
C:\Users\User\source\repos\Project14\Source.cpp(91,23): warning C4305: -=: усечение из "double" в "float"
C:\Users\User\source\repos\Project14\Source.cpp(97,23): warning C4305: +=: усечение из "double" в "float"
C:\Users\User\source\repos\Project14\Source.cpp(173,15): error C2653: glm: не является именем класса или пространства имен
C:\Users\User\source\repos\Project14\Source.cpp(173,10): error C2065: mat4: необъявленный идентификатор
C:\Users\User\source\repos\Project14\Source.cpp(173,15): error C2146: синтаксическая ошибка: отсутствие ";" перед идентификатором "trans"
C:\Users\User\source\repos\Project14\Source.cpp(173,15): error C2065: trans: необъявленный идентификатор
C:\Users\User\source\repos\Project14\Source.cpp(173,32): error C2653: glm: не является именем класса или пространства имен
C:\Users\User\source\repos\Project14\Source.cpp(173,28): error C3861: mat4: идентификатор не найден
C:\Users\User\source\repos\Project14\Source.cpp(175,5): error C2065: trans: необъявленный идентификатор
C:\Users\User\source\repos\Project14\Source.cpp(175,27): error C2653: glm: не является именем класса или пространства имен
C:\Users\User\source\repos\Project14\Source.cpp(175,28): error C2065: trans: необъявленный идентификатор
C:\Users\User\source\repos\Project14\Source.cpp(175,44): error C2653: glm: не является именем класса или пространства имен
C:\Users\User\source\repos\Project14\Source.cpp(175,40): error C3861: vec3: идентификатор не найден
C:\Users\User\source\repos\Project14\Source.cpp(175,18): error C3861: translate: идентификатор не найден
C:\Users\User\source\repos\Project14\Source.cpp(176,5): error C2065: trans: необъявленный идентификатор
C:\Users\User\source\repos\Project14\Source.cpp(176,24): error C2653: glm: не является именем класса или пространства имен
C:\Users\User\source\repos\Project14\Source.cpp(176,25): error C2065: trans: необъявленный идентификатор
C:\Users\User\source\repos\Project14\Source.cpp(176,47): error C2653: glm: не является именем класса или пространства имен
C:\Users\User\source\repos\Project14\Source.cpp(176,43): error C3861: vec3: идентификатор не найден
C:\Users\User\source\repos\Project14\Source.cpp(177,5): error C2065: trans: необъявленный идентификатор
C:\Users\User\source\repos\Project14\Source.cpp(177,24): error C2653: glm: не является именем класса или пространства имен
C:\Users\User\source\repos\Project14\Source.cpp(177,25): error C2065: trans: необъявленный идентификатор
C:\Users\User\source\repos\Project14\Source.cpp(177,48): error C2653: glm: не является именем класса или пространства имен
C:\Users\User\source\repos\Project14\Source.cpp(177,44): error C3861: vec3: идентификатор не найден
C:\Users\User\source\repos\Project14\Source.cpp(178,5): error C2065: trans: необъявленный идентификатор
C:\Users\User\source\repos\Project14\Source.cpp(178,23): error C2653: glm: не является именем класса или пространства имен
C:\Users\User\source\repos\Project14\Source.cpp(178,24): error C2065: trans: необъявленный идентификатор
C:\Users\User\source\repos\Project14\Source.cpp(178,40): error C2653: glm: не является именем класса или пространства имен
C:\Users\User\source\repos\Project14\Source.cpp(178,36): error C3861: vec3: идентификатор не найден
C:\Users\User\source\repos\Project14\Source.cpp(180,65): error C2653: glm: не является именем класса или пространства имен
C:\Users\User\source\repos\Project14\Source.cpp(180,66): error C2065: trans: необъявленный идентификатор
C:\Users\User\source\repos\Project14\Source.cpp(180,56): error C3861: value_ptr: идентификатор не найден
